<?xml version="1.0" encoding="UTF-8"?>
<testsuite xmlns:xsi="http://www.w3.org/2001/XMLSchema-instance" xsi:noNamespaceSchemaLocation="https://maven.apache.org/surefire/maven-surefire-plugin/xsd/surefire-test-report-3.0.xsd" version="3.0" name="ServletTests" time="0.618" tests="1" errors="1" skipped="0" failures="0">
  <properties>
[...]
</properties>
  <testcase name="" classname="ServletTests" time="0.618">
    <error message="Could not find a valid Docker environment. Please see logs and check configuration" type="java.lang.IllegalStateException"><![CDATA[java.lang.IllegalStateException: Could not find a valid Docker environment. Please see logs and check configuration
	at org.testcontainers.dockerclient.DockerClientProviderStrategy.lambda$getFirstValidStrategy$7(DockerClientProviderStrategy.java:277)
	at java.base/java.util.Optional.orElseThrow(Optional.java:408)
	at org.testcontainers.dockerclient.DockerClientProviderStrategy.getFirstValidStrategy(DockerClientProviderStrategy.java:268)
	at org.testcontainers.DockerClientFactory.getOrInitializeStrategy(DockerClientFactory.java:152)
	at org.testcontainers.DockerClientFactory.client(DockerClientFactory.java:194)
	at org.testcontainers.DockerClientFactory$1.getDockerClient(DockerClientFactory.java:106)
	at com.github.dockerjava.api.DockerClientDelegate.authConfig(DockerClientDelegate.java:109)
	at org.testcontainers.containers.GenericContainer.start(GenericContainer.java:329)
	at org.testcontainers.junit.jupiter.TestcontainersExtension$StoreAdapter.start(TestcontainersExtension.java:280)
	at org.testcontainers.junit.jupiter.TestcontainersExtension$StoreAdapter.access$200(TestcontainersExtension.java:267)
	at org.testcontainers.junit.jupiter.TestcontainersExtension.lambda$null$4(TestcontainersExtension.java:82)
	at org.testcontainers.junit.jupiter.TestcontainersExtension.lambda$startContainers$5(TestcontainersExtension.java:82)
	at java.base/java.util.ArrayList.forEach(ArrayList.java:1541)
	at org.testcontainers.junit.jupiter.TestcontainersExtension.startContainers(TestcontainersExtension.java:82)
	at org.testcontainers.junit.jupiter.TestcontainersExtension.beforeAll(TestcontainersExtension.java:56)
	at java.base/java.util.ArrayList.forEach(ArrayList.java:1541)
]]></error>
    <system-out><![CDATA[17:32:08.642 [main] DEBUG org.testcontainers.utility.TestcontainersConfiguration -- Testcontainers configuration overrides will be loaded from file:/home/v7l/.testcontainers.properties
17:32:08.653 [main] DEBUG org.testcontainers.utility.TestcontainersConfiguration -- Attempted to read Testcontainers configuration file at file:/home/v7l/.testcontainers.properties but the file was not found. Exception message: FileNotFoundException: /home/v7l/.testcontainers.properties (No such file or directory)
17:32:08.657 [main] INFO org.testcontainers.images.PullPolicy -- Image pull policy will be performed by: DefaultPullPolicy()
17:32:08.660 [main] INFO org.testcontainers.utility.ImageNameSubstitutor -- Image name substitution will be performed by: DefaultImageNameSubstitutor (composite of 'ConfigurationFileImageNameSubstitutor' and 'PrefixingImageNameSubstitutor')
17:32:08.882 [main] DEBUG org.testcontainers.dockerclient.RootlessDockerClientProviderStrategy -- $XDG_RUNTIME_DIR is set but '/run/user/1000/docker.sock' does not exist.
17:32:08.883 [main] DEBUG org.testcontainers.dockerclient.RootlessDockerClientProviderStrategy -- '/home/v7l/.docker/run' does not exist.
17:32:08.956 [main] DEBUG org.testcontainers.dockerclient.RootlessDockerClientProviderStrategy -- '/run/user/1000/docker.sock' does not exist.
17:32:08.956 [main] DEBUG org.testcontainers.dockerclient.DockerClientProviderStrategy -- Trying out strategy: UnixSocketClientProviderStrategy
17:32:09.063 [main] WARN org.testcontainers.dockerclient.DockerClientProviderStrategy -- DOCKER_HOST unix:///var/run/docker.sock is not listening
17:32:09.064 [main] DEBUG org.testcontainers.dockerclient.DockerClientProviderStrategy -- strategy UnixSocketClientProviderStrategy did not pass the test
17:32:09.064 [main] DEBUG org.testcontainers.dockerclient.DockerClientProviderStrategy -- Trying out strategy: DockerDesktopClientProviderStrategy
17:32:09.064 [main] DEBUG org.testcontainers.dockerclient.DockerDesktopClientProviderStrategy -- '/home/v7l/.docker/desktop' does not exist.
17:32:09.065 [main] DEBUG org.testcontainers.dockerclient.DockerDesktopClientProviderStrategy -- '/home/v7l/.docker/run' does not exist.
17:32:09.066 [main] DEBUG org.testcontainers.dockerclient.DockerClientProviderStrategy -- DockerDesktopClientProviderStrategy: failed with exception NullPointerException (null). Root cause NullPointerException (null)
17:32:09.068 [main] INFO org.testcontainers.dockerclient.DockerMachineClientProviderStrategy -- docker-machine executable was not found on PATH ([/usr/lib/qt6/bin, /home/v7l/bin, /usr/local/sbin, /usr/local/bin, /usr/sbin, /usr/bin, /sbin, /bin, /usr/games, /usr/local/games, /snap/bin, /snap/bin])
17:32:09.069 [main] ERROR org.testcontainers.dockerclient.DockerClientProviderStrategy -- Could not find a valid Docker environment. Please check configuration. Attempted configurations were:
	DockerDesktopClientProviderStrategy: failed with exception NullPointerException (null). Root cause NullPointerException (null)As no valid configuration was found, execution cannot continue.
See https://java.testcontainers.org/on_failure.html for more details.
]]></system-out>
  </testcase>
</testsuite>